<?xml version="1.0" encoding="UTF-8"?>
<testng-results skipped="0" failed="0" ignored="0" total="3" passed="3">
  <reporter-output>
  </reporter-output>
  <suite name="Suite" duration-ms="12386" started-at="2021-09-14T10:29:24Z" finished-at="2021-09-14T10:29:36Z">
    <groups>
    </groups>
    <test name="Test" duration-ms="12386" started-at="2021-09-14T10:29:24Z" finished-at="2021-09-14T10:29:36Z">
      <class name="org.tst.Testng1">
        <test-method status="PASS" signature="getdat()[pri:0, instance:org.tst.Testng1@6eebc39e]" name="getdat" is-config="true" duration-ms="7507" started-at="2021-09-14T15:59:24Z" finished-at="2021-09-14T15:59:31Z">
          <reporter-output>
          </reporter-output>
        </test-method> <!-- getdat -->
        <test-method status="PASS" signature="username(java.lang.String, java.lang.String)[pri:1, instance:org.tst.Testng1@6eebc39e]" name="username" duration-ms="1061" started-at="2021-09-14T15:59:31Z" finished-at="2021-09-14T15:59:32Z">
          <params>
            <param index="0">
              <value>
                <![CDATA[Gokul2109]]>
              </value>
            </param>
            <param index="1">
              <value>
                <![CDATA[gokul@2109]]>
              </value>
            </param>
          </params>
          <reporter-output>
          </reporter-output>
        </test-method> <!-- username -->
        <test-method status="PASS" signature="location()[pri:2, instance:org.tst.Testng1@6eebc39e]" name="location" duration-ms="2347" started-at="2021-09-14T15:59:32Z" finished-at="2021-09-14T15:59:35Z">
          <reporter-output>
          </reporter-output>
        </test-method> <!-- location -->
        <test-method status="PASS" signature="Select()[pri:3, instance:org.tst.Testng1@6eebc39e]" name="Select" duration-ms="1423" started-at="2021-09-14T15:59:35Z" finished-at="2021-09-14T15:59:36Z">
          <reporter-output>
          </reporter-output>
        </test-method> <!-- Select -->
      </class> <!-- org.tst.Testng1 -->
    </test> <!-- Test -->
  </suite> <!-- Suite -->
</testng-results>
